2026-07-16 | eq 100000.00 cash 100000.00 open 0 gross 0.00x dd 0.0% cost_day 0.00
  PERMIT AAPL long notional 14670 risk 0.95% caps [max_risk_per_trade, regime_scale=0.48]
  PERMIT MSFT short notional 9920 risk 0.76% caps [max_risk_per_trade, regime_scale=0.38]
  PERMIT META long notional 8837 risk 0.97% caps [max_risk_per_trade, regime_scale=0.48]
  PERMIT AMD long notional 5128 risk 1.01% caps [max_risk_per_trade, regime_scale=0.51]
  PERMIT PLTR short notional 8809 risk 1.19% caps [max_risk_per_trade, regime_scale=0.59]
  PERMIT TSM long notional 7432 risk 0.91% caps [max_risk_per_trade, regime_scale=0.46]
  PERMIT NFLX short notional 6482 risk 0.54% caps [max_risk_per_trade, regime_scale=0.27]
  PERMIT SPY long notional 5706 risk 0.16% caps [max_risk_per_trade, regime_scale=0.76, portfolio_risk_cap]
  VETO   QQQ long notional 0 risk 0.00% caps [max_risk_per_trade, regime_scale=0.42, max_portfolio_risk_exceeded]
  VETO   IWM long notional 0 risk 0.00% caps [max_risk_per_trade, regime_scale=0.99, max_portfolio_risk_exceeded]
  VETO   GLD short notional 0 risk 0.00% caps [max_risk_per_trade, regime_scale=0.74, max_portfolio_risk_exceeded]
  VETO   XLK long notional 0 risk 0.00% caps [max_risk_per_trade, regime_scale=0.41, max_portfolio_risk_exceeded]
  VETO   XLF long notional 0 risk 0.00% caps [max_risk_per_trade, regime_scale=0.72, max_portfolio_risk_exceeded]
  VETO   SMH long notional 0 risk 0.00% caps [max_risk_per_trade, regime_scale=0.43, max_portfolio_risk_exceeded]
  VETO   SOXX long notional 0 risk 0.00% caps [max_risk_per_trade, regime_scale=0.44, max_portfolio_risk_exceeded]
  VETO   XBI long notional 0 risk 0.00% caps [max_risk_per_trade, regime_scale=0.31, max_portfolio_risk_exceeded]
  VETO   BTC/USD short notional 0 risk 0.00% caps [max_risk_per_trade, regime_scale=0.57, max_portfolio_risk_exceeded]
  VETO   ETH/USD short notional 0 risk 0.00% caps [max_risk_per_trade, regime_scale=0.47, max_portfolio_risk_exceeded]
  VETO   BNB/USD short notional 0 risk 0.00% caps [max_risk_per_trade, regime_scale=0.72, max_portfolio_risk_exceeded]
  VETO   XRP/USD short notional 0 risk 0.00% caps [max_risk_per_trade, regime_scale=0.72, max_portfolio_risk_exceeded]
  VETO   ADA/USD short notional 0 risk 0.00% caps [max_risk_per_trade, regime_scale=0.78, max_portfolio_risk_exceeded]
  VETO   AVAX/USD short notional 0 risk 0.00% caps [max_risk_per_trade, regime_scale=0.76, max_portfolio_risk_exceeded]
  VETO   DOGE/USD short notional 0 risk 0.00% caps [max_risk_per_trade, regime_scale=0.91, max_portfolio_risk_exceeded]
  VETO   LINK/USD short notional 0 risk 0.00% caps [max_risk_per_trade, regime_scale=0.75, max_portfolio_risk_exceeded]
  VETO   ARB/USD short notional 0 risk 0.00% caps [max_risk_per_trade, regime_scale=0.50, max_portfolio_risk_exceeded]
  VETO   USD/CHF long notional 0 risk 0.00% caps [max_risk_per_trade, regime_scale=0.64, max_portfolio_risk_exceeded]
2026-07-16 | eq 100000.00 cash 100000.00 open 0 gross 0.00x dd 0.0% cost_day 0.00
  PERMIT AAPL long notional 14670 risk 0.95% caps [max_risk_per_trade, regime_scale=0.48]
  PERMIT MSFT short notional 9920 risk 0.76% caps [max_risk_per_trade, regime_scale=0.38]
  PERMIT META long notional 8837 risk 0.97% caps [max_risk_per_trade, regime_scale=0.48]
  PERMIT AMD long notional 5128 risk 1.01% caps [max_risk_per_trade, regime_scale=0.51]
  PERMIT PLTR short notional 8809 risk 1.19% caps [max_risk_per_trade, regime_scale=0.59]
  PERMIT TSM long notional 7432 risk 0.91% caps [max_risk_per_trade, regime_scale=0.46]
  PERMIT NFLX short notional 6482 risk 0.54% caps [max_risk_per_trade, regime_scale=0.27]
  PERMIT SPY long notional 5706 risk 0.16% caps [max_risk_per_trade, regime_scale=0.76, portfolio_risk_cap]
  VETO   QQQ long notional 0 risk 0.00% caps [max_risk_per_trade, regime_scale=0.42, max_portfolio_risk_exceeded]
  VETO   IWM long notional 0 risk 0.00% caps [max_risk_per_trade, regime_scale=0.99, max_portfolio_risk_exceeded]
  VETO   GLD short notional 0 risk 0.00% caps [max_risk_per_trade, regime_scale=0.74, max_portfolio_risk_exceeded]
  VETO   XLK long notional 0 risk 0.00% caps [max_risk_per_trade, regime_scale=0.41, max_portfolio_risk_exceeded]
  VETO   XLF long notional 0 risk 0.00% caps [max_risk_per_trade, regime_scale=0.72, max_portfolio_risk_exceeded]
  VETO   SMH long notional 0 risk 0.00% caps [max_risk_per_trade, regime_scale=0.43, max_portfolio_risk_exceeded]
  VETO   SOXX long notional 0 risk 0.00% caps [max_risk_per_trade, regime_scale=0.44, max_portfolio_risk_exceeded]
  VETO   XBI long notional 0 risk 0.00% caps [max_risk_per_trade, regime_scale=0.31, max_portfolio_risk_exceeded]
  VETO   BTC/USD short notional 0 risk 0.00% caps [max_risk_per_trade, regime_scale=0.57, max_portfolio_risk_exceeded]
  VETO   ETH/USD short notional 0 risk 0.00% caps [max_risk_per_trade, regime_scale=0.47, max_portfolio_risk_exceeded]
  VETO   BNB/USD short notional 0 risk 0.00% caps [max_risk_per_trade, regime_scale=0.72, max_portfolio_risk_exceeded]
  VETO   XRP/USD short notional 0 risk 0.00% caps [max_risk_per_trade, regime_scale=0.72, max_portfolio_risk_exceeded]
  VETO   ADA/USD short notional 0 risk 0.00% caps [max_risk_per_trade, regime_scale=0.78, max_portfolio_risk_exceeded]
  VETO   AVAX/USD short notional 0 risk 0.00% caps [max_risk_per_trade, regime_scale=0.76, max_portfolio_risk_exceeded]
  VETO   DOGE/USD short notional 0 risk 0.00% caps [max_risk_per_trade, regime_scale=0.91, max_portfolio_risk_exceeded]
  VETO   LINK/USD short notional 0 risk 0.00% caps [max_risk_per_trade, regime_scale=0.75, max_portfolio_risk_exceeded]
  VETO   ARB/USD short notional 0 risk 0.00% caps [max_risk_per_trade, regime_scale=0.50, max_portfolio_risk_exceeded]
  VETO   USD/CHF long notional 0 risk 0.00% caps [max_risk_per_trade, regime_scale=0.64, max_portfolio_risk_exceeded]
2026-07-16 | eq 100000.00 cash 100000.00 open 0 gross 0.00x dd 0.0% cost_day 0.00
  PERMIT AAPL long notional 14670 risk 0.95% caps [max_risk_per_trade, regime_scale=0.48]
  PERMIT MSFT short notional 9920 risk 0.76% caps [max_risk_per_trade, regime_scale=0.38]
  PERMIT META long notional 8837 risk 0.97% caps [max_risk_per_trade, regime_scale=0.48]
  PERMIT AMD long notional 5128 risk 1.01% caps [max_risk_per_trade, regime_scale=0.51]
  PERMIT PLTR short notional 8809 risk 1.19% caps [max_risk_per_trade, regime_scale=0.59]
  PERMIT TSM long notional 7432 risk 0.91% caps [max_risk_per_trade, regime_scale=0.46]
  PERMIT NFLX short notional 6482 risk 0.54% caps [max_risk_per_trade, regime_scale=0.27]
  PERMIT SPY long notional 5706 risk 0.16% caps [max_risk_per_trade, regime_scale=0.76, portfolio_risk_cap]
  VETO   QQQ long notional 0 risk 0.00% caps [max_risk_per_trade, regime_scale=0.42, max_portfolio_risk_exceeded]
  VETO   IWM long notional 0 risk 0.00% caps [max_risk_per_trade, regime_scale=0.99, max_portfolio_risk_exceeded]
  VETO   GLD short notional 0 risk 0.00% caps [max_risk_per_trade, regime_scale=0.74, max_portfolio_risk_exceeded]
  VETO   XLK long notional 0 risk 0.00% caps [max_risk_per_trade, regime_scale=0.41, max_portfolio_risk_exceeded]
  VETO   XLF long notional 0 risk 0.00% caps [max_risk_per_trade, regime_scale=0.72, max_portfolio_risk_exceeded]
  VETO   SMH long notional 0 risk 0.00% caps [max_risk_per_trade, regime_scale=0.43, max_portfolio_risk_exceeded]
  VETO   SOXX long notional 0 risk 0.00% caps [max_risk_per_trade, regime_scale=0.44, max_portfolio_risk_exceeded]
  VETO   XBI long notional 0 risk 0.00% caps [max_risk_per_trade, regime_scale=0.31, max_portfolio_risk_exceeded]
  VETO   BTC/USD short notional 0 risk 0.00% caps [max_risk_per_trade, regime_scale=0.57, max_portfolio_risk_exceeded]
  VETO   ETH/USD short notional 0 risk 0.00% caps [max_risk_per_trade, regime_scale=0.47, max_portfolio_risk_exceeded]
  VETO   BNB/USD short notional 0 risk 0.00% caps [max_risk_per_trade, regime_scale=0.72, max_portfolio_risk_exceeded]
  VETO   XRP/USD short notional 0 risk 0.00% caps [max_risk_per_trade, regime_scale=0.72, max_portfolio_risk_exceeded]
  VETO   ADA/USD short notional 0 risk 0.00% caps [max_risk_per_trade, regime_scale=0.78, max_portfolio_risk_exceeded]
  VETO   AVAX/USD short notional 0 risk 0.00% caps [max_risk_per_trade, regime_scale=0.76, max_portfolio_risk_exceeded]
  VETO   DOGE/USD short notional 0 risk 0.00% caps [max_risk_per_trade, regime_scale=0.91, max_portfolio_risk_exceeded]
  VETO   LINK/USD short notional 0 risk 0.00% caps [max_risk_per_trade, regime_scale=0.75, max_portfolio_risk_exceeded]
  VETO   ARB/USD short notional 0 risk 0.00% caps [max_risk_per_trade, regime_scale=0.50, max_portfolio_risk_exceeded]
  VETO   USD/CHF long notional 0 risk 0.00% caps [max_risk_per_trade, regime_scale=0.64, max_portfolio_risk_exceeded]
2026-07-16 | eq 100000.00 cash 100000.00 open 0 gross 0.00x dd 0.0% cost_day 0.00
  PERMIT AAPL long notional 14670 risk 0.95% caps [max_risk_per_trade, regime_scale=0.48]
  PERMIT MSFT short notional 9920 risk 0.76% caps [max_risk_per_trade, regime_scale=0.38]
  PERMIT AMD long notional 5128 risk 1.01% caps [max_risk_per_trade, regime_scale=0.51]
  PERMIT PLTR short notional 8809 risk 1.19% caps [max_risk_per_trade, regime_scale=0.59]
  PERMIT TSM long notional 7432 risk 0.91% caps [max_risk_per_trade, regime_scale=0.46]
  PERMIT NFLX short notional 6482 risk 0.54% caps [max_risk_per_trade, regime_scale=0.27]
  PERMIT SPY long notional 40238 risk 1.13% caps [max_risk_per_trade, regime_scale=0.67, portfolio_risk_cap]
  VETO   QQQ long notional 0 risk 0.00% caps [max_risk_per_trade, regime_scale=0.42, max_portfolio_risk_exceeded]
  VETO   IWM long notional 0 risk 0.00% caps [max_risk_per_trade, regime_scale=0.99, max_portfolio_risk_exceeded]
  VETO   XLK long notional 0 risk 0.00% caps [max_risk_per_trade, regime_scale=0.41, max_portfolio_risk_exceeded]
  VETO   XLF long notional 0 risk 0.00% caps [max_risk_per_trade, regime_scale=0.72, max_portfolio_risk_exceeded]
  VETO   SMH long notional 0 risk 0.00% caps [max_risk_per_trade, regime_scale=0.43, max_portfolio_risk_exceeded]
  VETO   SOXX long notional 0 risk 0.00% caps [max_risk_per_trade, regime_scale=0.44, max_portfolio_risk_exceeded]
  VETO   XBI long notional 0 risk 0.00% caps [max_risk_per_trade, regime_scale=0.31, max_portfolio_risk_exceeded]
  VETO   BTC/USD short notional 0 risk 0.00% caps [max_risk_per_trade, regime_scale=0.57, max_portfolio_risk_exceeded]
  VETO   ETH/USD short notional 0 risk 0.00% caps [max_risk_per_trade, regime_scale=0.29, max_portfolio_risk_exceeded]
  VETO   BNB/USD short notional 0 risk 0.00% caps [max_risk_per_trade, regime_scale=0.54, max_portfolio_risk_exceeded]
  VETO   XRP/USD short notional 0 risk 0.00% caps [max_risk_per_trade, regime_scale=0.72, max_portfolio_risk_exceeded]
  VETO   ADA/USD short notional 0 risk 0.00% caps [max_risk_per_trade, regime_scale=0.78, max_portfolio_risk_exceeded]
  VETO   AVAX/USD short notional 0 risk 0.00% caps [max_risk_per_trade, regime_scale=0.76, max_portfolio_risk_exceeded]
  VETO   DOGE/USD short notional 0 risk 0.00% caps [max_risk_per_trade, regime_scale=0.91, max_portfolio_risk_exceeded]
  VETO   LINK/USD short notional 0 risk 0.00% caps [max_risk_per_trade, regime_scale=0.57, max_portfolio_risk_exceeded]
  VETO   ARB/USD short notional 0 risk 0.00% caps [max_risk_per_trade, regime_scale=0.50, max_portfolio_risk_exceeded]
  VETO   EUR/USD short notional 0 risk 0.00% caps [max_risk_per_trade, regime_scale=0.38, max_portfolio_risk_exceeded]
  VETO   USD/JPY long notional 0 risk 0.00% caps [max_risk_per_trade, regime_scale=0.63, max_portfolio_risk_exceeded]
  VETO   USD/CHF long notional 0 risk 0.00% caps [max_risk_per_trade, regime_scale=0.44, max_portfolio_risk_exceeded]
  VETO   USD/CAD long notional 0 risk 0.00% caps [max_risk_per_trade, regime_scale=0.61, max_portfolio_risk_exceeded]
  VETO   NZD/USD short notional 0 risk 0.00% caps [max_risk_per_trade, regime_scale=0.10, max_portfolio_risk_exceeded]
