pair       rows_before  rows_after junk_purged gaps_before gaps_after              start              end
---------------------------------------------------------------------------------------------------------
EUR_USD          27663       33201        1285           3          0   2021-03-15 16:00 2026-07-17 02:00
GBP_USD          24395       33190        1292           4          0   2021-03-15 23:00 2026-07-17 02:00
USD_JPY          24392       33192        1292           4          0   2021-03-16 00:00 2026-07-17 02:00
USD_CHF          24392       33209        1276           4          0   2021-03-15 10:00 2026-07-17 02:00
AUD_USD          24392       33175        1308           4          0   2021-03-16 15:00 2026-07-17 02:00
USD_CAD          24392       33184        1302           4          0   2021-03-16 12:00 2026-07-17 02:00
NZD_USD          24401       33187        1316           4          0   2021-03-16 15:00 2026-07-17 02:00
GBP_JPY          24392       33182        1294           4          0   2021-03-16 10:00 2026-07-17 02:00
EUR_GBP          24392       33180        1292           4          0   2021-03-16 07:00 2026-07-17 02:00
EUR_JPY          24392       33181        1290           4          0   2021-03-16 05:00 2026-07-17 02:00
GBP_NZD          14327       28251           0           2          0   2022-01-02 22:00 2026-07-17 02:00
AUD_NZD          14329       28253           0           2          0   2022-01-02 22:00 2026-07-17 02:00
EUR_AUD          14329       28250           0           2          0   2022-01-02 22:00 2026-07-17 02:00
EUR_CAD          14329       28251           0           2          0   2022-01-02 22:00 2026-07-17 02:00
CHF_JPY          14328       28249           0           2          0   2022-01-02 22:00 2026-07-17 02:00
GBP_CAD          14329       28251           0           2          0   2022-01-02 22:00 2026-07-17 02:00
GBP_CHF          14329       28251           0           2          0   2022-01-02 22:00 2026-07-17 02:00
GBP_AUD          14329       28251           0           2          0   2022-01-02 22:00 2026-07-17 02:00
EUR_CHF          14329       28251           0           2          0   2022-01-02 22:00 2026-07-17 02:00
EUR_NZD          14328       28251           0           2          0   2022-01-02 22:00 2026-07-17 02:00
NZD_JPY          14328       28252           0           2          0   2022-01-02 22:00 2026-07-17 02:00
CAD_JPY          14329       28251           0           2          0   2022-01-02 22:00 2026-07-17 02:00
---------------------------------------------------------------------------------------------------------
pairs: 22 | total rows added (net): 251747 | weekend junk purged: 12947 | gaps: 63 -> 0
