file                      tf   rows_before dup_rows_before rows_after dup_after off_00UTC
-----------------------------------------------------------------------------------------
AAPL_15m.parquet          15m         5156               0       5156         0         0
AAPL_1d.parquet           1d          4278            3266       2645         0         0
AAPL_1h.parquet           1h          3522               0       3522         0         0
AAPL_1m.parquet           1m             0               0          0         0         0
AAPL_5m.parquet           5m          2808               0       2808         0         0
ADA_USD_15m.parquet       15m        15000               0      15000         0         0
ADA_USD_1d.parquet        1d          2379               0       2379         0         0
ADA_USD_1h.parquet        1h         15000               0      15000         0         0
ADA_USD_1m.parquet        1m             0               0          0         0         0
ADA_USD_5m.parquet        5m             0               0          0         0         0
AMD_15m.parquet           15m         5156               0       5156         0         0
AMD_1d.parquet            1d          4278            3266       2645         0         0
AMD_1h.parquet            1h          3522               0       3522         0         0
AMD_1m.parquet            1m             0               0          0         0         0
AMD_5m.parquet            5m          2808               0       2808         0         0
AMZN_15m.parquet          15m         5156               0       5156         0         0
AMZN_1d.parquet           1d          4278            3266       2645         0         0
AMZN_1h.parquet           1h          3522               0       3522         0         0
AMZN_1m.parquet           1m             0               0          0         0         0
AMZN_5m.parquet           5m          2808               0       2808         0         0
ARB_USD_15m.parquet       15m        10000               0      10000         0         0
ARB_USD_1d.parquet        1d          1202               0       1202         0         0
ARB_USD_1h.parquet        1h         10000               0      10000         0         0
ARB_USD_1m.parquet        1m             0               0          0         0         0
ARB_USD_5m.parquet        5m             0               0          0         0         0
ARKK_15m.parquet          15m         1118               0       1118         0         0
ARKK_1d.parquet           1d          4278            3266       2645         0         0
ARKK_1h.parquet           1h          3520               0       3520         0         0
ARKK_1m.parquet           1m             0               0          0         0         0
ARKK_5m.parquet           5m          2808               0       2808         0         0
AUD_NZD_15m.parquet       15m        31988               0      31988         0         0
AUD_NZD_1d.parquet        1d          2735               0       2735         0         0
AUD_NZD_1h.parquet        1h         14329               0      14329         0         0
AUD_NZD_1w.parquet        1w           655               0        655         0         0
AUD_NZD_5m.parquet        5m          3096               0       3096         0         0
AUD_USD_15m.parquet       15m        22784               0      22784         0         0
AUD_USD_1d.parquet        1d          4557            2756       3179         0         0
AUD_USD_1h.parquet        1h         24392               0      24392         0         0
AUD_USD_1m.parquet        1m          2068               0       2068         0         0
AUD_USD_1w.parquet        1w           655               0        655         0         0
AUD_USD_5m.parquet        5m          4512               0       4512         0         0
AVAX_USD_15m.parquet      15m        15000               0      15000         0         0
AVAX_USD_1d.parquet       1d          2021               0       2021         0         0
AVAX_USD_1h.parquet       1h         15000               0      15000         0         0
AVAX_USD_1m.parquet       1m             0               0          0         0         0
AVAX_USD_5m.parquet       5m             0               0          0         0         0
BNB_USD_15m.parquet       15m        15000               0      15000         0         0
BNB_USD_1d.parquet        1d          2379               0       2379         0         0
BNB_USD_1h.parquet        1h         15000               0      15000         0         0
BNB_USD_1m.parquet        1m             0               0          0         0         0
BNB_USD_5m.parquet        5m             0               0          0         0         0
BTC_USD_15m.parquet       15m        22008               0      22008         0         0
BTC_USD_1d.parquet        1d          5390            3384       3698         0         0
BTC_USD_1h.parquet        1h         24422               0      24422         0         0
BTC_USD_1m.parquet        1m          2092               0       2092         0         0
BTC_USD_5m.parquet        5m          4512               0       4512         0         0
CAD_JPY_15m.parquet       15m        31989               0      31989         0         0
CAD_JPY_1d.parquet        1d          2733               0       2733         0         0
CAD_JPY_1h.parquet        1h         14329               0      14329         0         0
CAD_JPY_1w.parquet        1w           655               0        655         0         0
CAD_JPY_5m.parquet        5m          3096               0       3096         0         0
CHF_JPY_15m.parquet       15m        31959               0      31959         0         0
CHF_JPY_1d.parquet        1d          2735               0       2735         0         0
CHF_JPY_1h.parquet        1h         14328               0      14328         0         0
CHF_JPY_1w.parquet        1w           655               0        655         0         0
CHF_JPY_5m.parquet        5m          3096               0       3096         0         0
DOGE_USD_15m.parquet      15m        10000               0      10000         0         0
DOGE_USD_1d.parquet       1d          1859               0       1859         0         0
DOGE_USD_1h.parquet       1h          7631               0       7631         0         0
DOGE_USD_1m.parquet       1m             0               0          0         0         0
DOGE_USD_5m.parquet       5m             0               0          0         0         0
ETH_USD_15m.parquet       15m        22008               0      22008         0         0
ETH_USD_1d.parquet        1d          3553            2524       2291         0         0
ETH_USD_1h.parquet        1h         22052               0      22052         0         0
ETH_USD_1m.parquet        1m          2092               0       2092         0         0
ETH_USD_5m.parquet        5m          4501               0       4501         0         0
EUR_AUD_15m.parquet       15m        31989               0      31989         0         0
EUR_AUD_1d.parquet        1d          2734               0       2734         0         0
EUR_AUD_1h.parquet        1h         14329               0      14329         0         0
EUR_AUD_1w.parquet        1w           655               0        655         0         0
EUR_AUD_5m.parquet        5m          3096               0       3096         0         0
EUR_CAD_15m.parquet       15m        31989               0      31989         0         0
EUR_CAD_1d.parquet        1d          2736               0       2736         0         0
EUR_CAD_1h.parquet        1h         14329               0      14329         0         0
EUR_CAD_1w.parquet        1w           655               0        655         0         0
EUR_CAD_5m.parquet        5m          3095               0       3095         0         0
EUR_CHF_15m.parquet       15m        31980               0      31980         0         0
EUR_CHF_1d.parquet        1d          2736               0       2736         0         0
EUR_CHF_1h.parquet        1h         14329               0      14329         0         0
EUR_CHF_1w.parquet        1w           655               0        655         0         0
EUR_CHF_5m.parquet        5m          3096               0       3096         0         0
EUR_GBP_15m.parquet       15m        22784               0      22784         0         0
EUR_GBP_1d.parquet        1d          4560            2756       3182         0         0
EUR_GBP_1h.parquet        1h         24392               0      24392         0         0
EUR_GBP_1m.parquet        1m          2069               0       2069         0         0
EUR_GBP_1w.parquet        1w           655               0        655         0         0
EUR_GBP_5m.parquet        5m          4512               0       4512         0         0
EUR_JPY_15m.parquet       15m        22783               0      22783         0         0
EUR_JPY_1d.parquet        1d          4559            2756       3181         0         0
EUR_JPY_1h.parquet        1h         24392               0      24392         0         0
EUR_JPY_1m.parquet        1m          2086               0       2086         0         0
EUR_JPY_1w.parquet        1w           655               0        655         0         0
EUR_JPY_5m.parquet        5m          4512               0       4512         0         0
EUR_NZD_15m.parquet       15m        31989               0      31989         0         0
EUR_NZD_1d.parquet        1d          2739               0       2739         0         0
EUR_NZD_1h.parquet        1h         14328               0      14328         0         0
EUR_NZD_1w.parquet        1w           655               0        655         0         0
EUR_NZD_5m.parquet        5m          3095               0       3095         0         0
EUR_USD_15m.parquet       15m        23072               0      23072         0         0
EUR_USD_1d.parquet        1d          4508            2752       3132         0         0
EUR_USD_1h.parquet        1h         27663               0      27663         0         0
EUR_USD_1m.parquet        1m          2079               0       2079         0         0
EUR_USD_1w.parquet        1w           655               0        655         0         0
EUR_USD_5m.parquet        5m          4512               0       4512         0         0
GBP_AUD_15m.parquet       15m        31988               0      31988         0         0
GBP_AUD_1d.parquet        1d          2733               0       2733         0         0
GBP_AUD_1h.parquet        1h         14329               0      14329         0         0
GBP_AUD_1w.parquet        1w           655               0        655         0         0
GBP_AUD_5m.parquet        5m          3096               0       3096         0         0
GBP_CAD_15m.parquet       15m        31989               0      31989         0         0
GBP_CAD_1d.parquet        1d          2736               0       2736         0         0
GBP_CAD_1h.parquet        1h         14329               0      14329         0         0
GBP_CAD_1w.parquet        1w           655               0        655         0         0
GBP_CAD_5m.parquet        5m          3096               0       3096         0         0
GBP_CHF_15m.parquet       15m        31975               0      31975         0         0
GBP_CHF_1d.parquet        1d          2736               0       2736         0         0
GBP_CHF_1h.parquet        1h         14329               0      14329         0         0
GBP_CHF_1w.parquet        1w           655               0        655         0         0
GBP_CHF_5m.parquet        5m          3094               0       3094         0         0
GBP_JPY_15m.parquet       15m        22784               0      22784         0         0
GBP_JPY_1d.parquet        1d          4561            2756       3183         0         0
GBP_JPY_1h.parquet        1h         24392               0      24392         0         0
GBP_JPY_1m.parquet        1m          2091               0       2091         0         0
GBP_JPY_1w.parquet        1w           655               0        655         0         0
GBP_JPY_5m.parquet        5m          4512               0       4512         0         0
GBP_NZD_15m.parquet       15m        31980               0      31980         0         0
GBP_NZD_1d.parquet        1d          2739               0       2739         0         0
GBP_NZD_1h.parquet        1h         14327               0      14327         0         0
GBP_NZD_1w.parquet        1w           655               0        655         0         0
GBP_NZD_5m.parquet        5m          3096               0       3096         0         0
GBP_USD_15m.parquet       15m        23071               0      23071         0         0
GBP_USD_1d.parquet        1d          4519            2752       3143         0         0
GBP_USD_1h.parquet        1h         24395               0      24395         0         0
GBP_USD_1m.parquet        1m          2086               0       2086         0         0
GBP_USD_1w.parquet        1w           655               0        655         0         0
GBP_USD_5m.parquet        5m          4512               0       4512         0         0
GLD_15m.parquet           15m         1118               0       1118         0         0
GLD_1d.parquet            1d          4278            3266       2645         0         0
GLD_1h.parquet            1h          3520               0       3520         0         0
GLD_1m.parquet            1m             0               0          0         0         0
GLD_5m.parquet            5m          2808               0       2808         0         0
GOOGL_15m.parquet         15m         5156               0       5156         0         0
GOOGL_1d.parquet          1d          4278            3266       2645         0         0
GOOGL_1h.parquet          1h          3522               0       3522         0         0
GOOGL_1m.parquet          1m             0               0          0         0         0
GOOGL_5m.parquet          5m          2808               0       2808         0         0
IWM_15m.parquet           15m         1118               0       1118         0         0
IWM_1d.parquet            1d          4278            3266       2645         0         0
IWM_1h.parquet            1h          3520               0       3520         0         0
IWM_1m.parquet            1m             0               0          0         0         0
IWM_5m.parquet            5m          2808               0       2808         0         0
LINK_USD_15m.parquet      15m        10000               0      10000         0         0
LINK_USD_1d.parquet       1d          2379               0       2379         0         0
LINK_USD_1h.parquet       1h         10000               0      10000         0         0
LINK_USD_1m.parquet       1m             0               0          0         0         0
LINK_USD_5m.parquet       5m             0               0          0         0         0
MATIC_USD_15m.parquet     15m            0               0          0         0         0
MATIC_USD_1d.parquet      1d             0               0          0         0         0
MATIC_USD_1h.parquet      1h             0               0          0         0         0
MATIC_USD_1m.parquet      1m             0               0          0         0         0
MATIC_USD_5m.parquet      5m             0               0          0         0         0
META_15m.parquet          15m         5156               0       5156         0         0
META_1d.parquet           1d          4278            3266       2645         0         0
META_1h.parquet           1h          3522               0       3522         0         0
META_1m.parquet           1m             0               0          0         0         0
META_5m.parquet           5m          2808               0       2808         0         0
MSFT_15m.parquet          15m         5156               0       5156         0         0
MSFT_1d.parquet           1d          4278            3266       2645         0         0
MSFT_1h.parquet           1h          3522               0       3522         0         0
MSFT_1m.parquet           1m             0               0          0         0         0
MSFT_5m.parquet           5m          2808               0       2808         0         0
NFLX_15m.parquet          15m         5156               0       5156         0         0
NFLX_1d.parquet           1d          4278            3266       2645         0         0
NFLX_1h.parquet           1h          3522               0       3522         0         0
NFLX_1m.parquet           1m             0               0          0         0         0
NFLX_5m.parquet           5m          2808               0       2808         0         0
NVDA_15m.parquet          15m         5156               0       5156         0         0
NVDA_1d.parquet           1d          4278            3266       2645         0         0
NVDA_1h.parquet           1h          3522               0       3522         0         0
NVDA_1m.parquet           1m             0               0          0         0         0
NVDA_5m.parquet           5m          2808               0       2808         0         0
NZD_JPY_15m.parquet       15m        31986               0      31986         0         0
NZD_JPY_1d.parquet        1d          2744               0       2744         0         0
NZD_JPY_1h.parquet        1h         14328               0      14328         0         0
NZD_JPY_1w.parquet        1w           655               0        655         0         0
NZD_JPY_5m.parquet        5m          3096               0       3096         0         0
NZD_USD_15m.parquet       15m        22784               0      22784         0         0
NZD_USD_1d.parquet        1d          4567            2756       3189         0         0
NZD_USD_1h.parquet        1h         24401               0      24401         0         0
NZD_USD_1m.parquet        1m          2062               0       2062         0         0
NZD_USD_1w.parquet        1w           655               0        655         0         0
NZD_USD_5m.parquet        5m          4512               0       4512         0         0
PLTR_15m.parquet          15m         5156               0       5156         0         0
PLTR_1d.parquet           1d          2896            2890       1451         0         0
PLTR_1h.parquet           1h          3522               0       3522         0         0
PLTR_1m.parquet           1m             0               0          0         0         0
PLTR_5m.parquet           5m          2808               0       2808         0         0
QQQ_15m.parquet           15m         1118               0       1118         0         0
QQQ_1d.parquet            1d          4278            3266       2645         0         0
QQQ_1h.parquet            1h          3520               0       3520         0         0
QQQ_1m.parquet            1m             0               0          0         0         0
QQQ_5m.parquet            5m          2808               0       2808         0         0
SMH_15m.parquet           15m         1118               0       1118         0         0
SMH_1d.parquet            1d          4278            3266       2645         0         0
SMH_1h.parquet            1h          3520               0       3520         0         0
SMH_1m.parquet            1m             0               0          0         0         0
SMH_5m.parquet            5m          2808               0       2808         0         0
SOL_USD_15m.parquet       15m        15000               0      15000         0         0
SOL_USD_1d.parquet        1d          1771               0       1771         0         0
SOL_USD_1h.parquet        1h         12631               0      12631         0         0
SOL_USD_1m.parquet        1m             0               0          0         0         0
SOL_USD_5m.parquet        5m             0               0          0         0         0
SOXX_15m.parquet          15m         1118               0       1118         0         0
SOXX_1d.parquet           1d          4278            3266       2645         0         0
SOXX_1h.parquet           1h          3520               0       3520         0         0
SOXX_1m.parquet           1m             0               0          0         0         0
SOXX_5m.parquet           5m          2808               0       2808         0         0
SPY_15m.parquet           15m         1118               0       1118         0         0
SPY_1d.parquet            1d          4279            3266       2646         0         0
SPY_1h.parquet            1h          3520               0       3520         0         0
SPY_1m.parquet            1m             0               0          0         0         0
SPY_5m.parquet            5m          2808               0       2808         0         0
SUI_USD_15m.parquet       15m        10000               0      10000         0         0
SUI_USD_1d.parquet        1d          1151               0       1151         0         0
SUI_USD_1h.parquet        1h         10000               0      10000         0         0
SUI_USD_1m.parquet        1m             0               0          0         0         0
SUI_USD_5m.parquet        5m             0               0          0         0         0
TLT_15m.parquet           15m         1118               0       1118         0         0
TLT_1d.parquet            1d          4278            3266       2645         0         0
TLT_1h.parquet            1h          3520               0       3520         0         0
TLT_1m.parquet            1m             0               0          0         0         0
TLT_5m.parquet            5m          2808               0       2808         0         0
TSLA_15m.parquet          15m         5156               0       5156         0         0
TSLA_1d.parquet           1d          4278            3266       2645         0         0
TSLA_1h.parquet           1h          3522               0       3522         0         0
TSLA_1m.parquet           1m             0               0          0         0         0
TSLA_5m.parquet           5m          2808               0       2808         0         0
TSM_15m.parquet           15m         5156               0       5156         0         0
TSM_1d.parquet            1d          4278            3266       2645         0         0
TSM_1h.parquet            1h          3522               0       3522         0         0
TSM_1m.parquet            1m             0               0          0         0         0
TSM_5m.parquet            5m          2808               0       2808         0         0
UBER_15m.parquet          15m         1118               0       1118         0         0
UBER_1d.parquet           1d          3435            3266       1802         0         0
UBER_1h.parquet           1h          3520               0       3520         0         0
UBER_1m.parquet           1m             0               0          0         0         0
UBER_5m.parquet           5m          2808               0       2808         0         0
USD_CAD_15m.parquet       15m        22784               0      22784         0         0
USD_CAD_1d.parquet        1d          4568            2756       3190         0         0
USD_CAD_1h.parquet        1h         24392               0      24392         0         0
USD_CAD_1m.parquet        1m          2083               0       2083         0         0
USD_CAD_1w.parquet        1w           655               0        655         0         0
USD_CAD_5m.parquet        5m          4512               0       4512         0         0
USD_CHF_15m.parquet       15m        22784               0      22784         0         0
USD_CHF_1d.parquet        1d          4547            2754       3170         0         0
USD_CHF_1h.parquet        1h         24392               0      24392         0         0
USD_CHF_1m.parquet        1m          2045               0       2045         0         0
USD_CHF_1w.parquet        1w           655               0        655         0         0
USD_CHF_5m.parquet        5m          4510               0       4510         0         0
USD_JPY_15m.parquet       15m        22784               0      22784         0         0
USD_JPY_1d.parquet        1d          4546            2756       3168         0         0
USD_JPY_1h.parquet        1h         24392               0      24392         0         0
USD_JPY_1m.parquet        1m          2071               0       2071         0         0
USD_JPY_1w.parquet        1w           655               0        655         0         0
USD_JPY_5m.parquet        5m          4510               0       4510         0         0
XBI_15m.parquet           15m         1118               0       1118         0         0
XBI_1d.parquet            1d          4278            3266       2645         0         0
XBI_1h.parquet            1h          3520               0       3520         0         0
XBI_1m.parquet            1m             0               0          0         0         0
XBI_5m.parquet            5m          2808               0       2808         0         0
XLE_15m.parquet           15m         1118               0       1118         0         0
XLE_1d.parquet            1d          4278            3266       2645         0         0
XLE_1h.parquet            1h          3520               0       3520         0         0
XLE_1m.parquet            1m             0               0          0         0         0
XLE_5m.parquet            5m          2808               0       2808         0         0
XLF_15m.parquet           15m         1118               0       1118         0         0
XLF_1d.parquet            1d          4278            3266       2645         0         0
XLF_1h.parquet            1h          3520               0       3520         0         0
XLF_1m.parquet            1m             0               0          0         0         0
XLF_5m.parquet            5m          2808               0       2808         0         0
XLK_15m.parquet           15m         1118               0       1118         0         0
XLK_1d.parquet            1d          4278            3266       2645         0         0
XLK_1h.parquet            1h          3520               0       3520         0         0
XLK_1m.parquet            1m             0               0          0         0         0
XLK_5m.parquet            5m          2808               0       2808         0         0
XRP_USD_15m.parquet       15m        15000               0      15000         0         0
XRP_USD_1d.parquet        1d          2379               0       2379         0         0
XRP_USD_1h.parquet        1h         15000               0      15000         0         0
XRP_USD_1m.parquet        1m             0               0          0         0         0
XRP_USD_5m.parquet        5m             0               0          0         0         0
-----------------------------------------------------------------------------------------
files: 300 | files with dupes before: 36 | dup rows involved before: 111466 | rows removed: 55733 | dupes after: 0 | off-midnight after: 0
