pair       d_before  d_after sun_rm sat_rm     d_start       d_end  w_rows     w_start       w_end nonMon  bars/week_dist
-------------------------------------------------------------------------------------------------------------------------
EUR_USD        3133     2732    543     53  2016-01-04  2026-07-16     549  2016-01-04  2026-07-06      0  {4: 18, 5: 532}
GBP_USD        3144     2732    543     63  2016-01-04  2026-07-16     549  2016-01-04  2026-07-06      0  {4: 18, 5: 532}
USD_JPY        3169     2733    543     79  2016-01-04  2026-07-16     549  2016-01-04  2026-07-06      0  {4: 17, 5: 533}
USD_CHF        3171     2732    543     85  2016-01-04  2026-07-16     549  2016-01-04  2026-07-06      0  {4: 18, 5: 532}
AUD_USD        3180     2732    543    100  2016-01-04  2026-07-16     549  2016-01-04  2026-07-06      0  {4: 18, 5: 532}
USD_CAD        3191     2732    543     99  2016-01-04  2026-07-16     549  2016-01-04  2026-07-06      0  {4: 18, 5: 532}
NZD_USD        3190     2735    546    101  2016-01-04  2026-07-16     549  2016-01-04  2026-07-06      0  {4: 15, 5: 535}
GBP_JPY        3183     2732    543    100  2016-01-04  2026-07-16     549  2016-01-04  2026-07-06      0  {4: 18, 5: 532}
EUR_GBP        3182     2732    543    100  2016-01-04  2026-07-16     549  2016-01-04  2026-07-06      0  {4: 18, 5: 532}
EUR_JPY        3181     2732    543    100  2016-01-04  2026-07-16     549  2016-01-04  2026-07-06      0  {4: 18, 5: 532}
GBP_NZD        2739     2734    545      0  2016-01-04  2026-07-16     549  2016-01-04  2026-07-06      0  {4: 16, 5: 534}
AUD_NZD        2735     2734    545      0  2016-01-04  2026-07-16     549  2016-01-04  2026-07-06      0  {4: 16, 5: 534}
EUR_AUD        2734     2732    543      0  2016-01-04  2026-07-16     549  2016-01-04  2026-07-06      0  {4: 18, 5: 532}
EUR_CAD        2736     2732    543      0  2016-01-04  2026-07-16     549  2016-01-04  2026-07-06      0  {4: 18, 5: 532}
CHF_JPY        2735     2732    543      0  2016-01-04  2026-07-16     549  2016-01-04  2026-07-06      0  {4: 18, 5: 532}
GBP_CAD        2736     2732    543      0  2016-01-04  2026-07-16     549  2016-01-04  2026-07-06      0  {4: 18, 5: 532}
GBP_CHF        2736     2732    543      0  2016-01-04  2026-07-16     549  2016-01-04  2026-07-06      0  {4: 18, 5: 532}
GBP_AUD        2733     2732    543      0  2016-01-04  2026-07-16     549  2016-01-04  2026-07-06      0  {4: 18, 5: 532}
EUR_CHF        2736     2732    543      0  2016-01-04  2026-07-16     549  2016-01-04  2026-07-06      0  {4: 18, 5: 532}
EUR_NZD        2739     2734    545      0  2016-01-04  2026-07-16     549  2016-01-04  2026-07-06      0  {4: 16, 5: 534}
NZD_JPY        2744     2735    545      0  2016-01-04  2026-07-16     549  2016-01-04  2026-07-06      0  {4: 15, 5: 535}
CAD_JPY        2733     2732    543      0  2016-01-04  2026-07-16     549  2016-01-04  2026-07-06      0  {4: 18, 5: 532}
-------------------------------------------------------------------------------------------------------------------------
pairs: 22 | weekend bars removed: Sun 11957, Sat 880 (remaining Sun 0, Sat 0)
OK: all forex 1d caches are Mon-Fri; all 1w caches Monday-labelled.
