========================================================================
CANDIDATE CHECK 'p3c-trend252' | mode=ITERATION | factory=default | timeframe=1d | grid=12 config(s)
window: 2014-01-01 -> <2025-01-01 (strict)
ledger: /Users/zain/Documents/apexfx/engine/data_store/validation/trial_ledger.json (n_trials=104 before this run)
========================================================================

[forex] EUR/USD: 3117 bars (2014-01-01 -> 2024-12-31)
  ledger n_trials=104 used for DSR deflation (grid contributes 12)
  VERDICT: REJECT
    [FAIL] DSR 0.100 vs > 0.95 (deflated by n_trials=104)
    [pass] PBO 0.23275 vs < 0.5 (n/a with <2 configs => gate fails closed)
    [pass] CPCV median OOS Sharpe 0.002 vs > 0; 53% of 15 paths positive vs > 50%
  saved local cache: regime_gated_momentum__EUR_USD.json
  supabase post_backtest[p3c-trend252]: ok

[forex] GBP/USD: 3118 bars (2014-01-01 -> 2024-12-31)
  ledger n_trials=104 used for DSR deflation (grid contributes 12)
  VERDICT: REJECT
    [FAIL] DSR 0.000 vs > 0.95 (deflated by n_trials=104)
    [FAIL] PBO 0.79375 vs < 0.5 (n/a with <2 configs => gate fails closed)
    [FAIL] CPCV median OOS Sharpe -0.049 vs > 0; 0% of 15 paths positive vs > 50%
  saved local cache: regime_gated_momentum__GBP_USD.json
  supabase post_backtest[p3c-trend252]: ok

[forex] USD/JPY: 3147 bars (2014-01-01 -> 2024-12-31)
  ledger n_trials=104 used for DSR deflation (grid contributes 12)
  VERDICT: REJECT
    [FAIL] DSR 0.017 vs > 0.95 (deflated by n_trials=104)
    [pass] PBO 0.49 vs < 0.5 (n/a with <2 configs => gate fails closed)
    [FAIL] CPCV median OOS Sharpe -0.031 vs > 0; 0% of 15 paths positive vs > 50%
  saved local cache: regime_gated_momentum__USD_JPY.json
  supabase post_backtest[p3c-trend252]: ok

[forex] AUD/USD: 3137 bars (2014-01-01 -> 2024-12-31)
  ledger n_trials=104 used for DSR deflation (grid contributes 12)
  VERDICT: REJECT
    [FAIL] DSR 0.017 vs > 0.95 (deflated by n_trials=104)
    [FAIL] PBO 0.59975 vs < 0.5 (n/a with <2 configs => gate fails closed)
    [FAIL] CPCV median OOS Sharpe -0.031 vs > 0; 0% of 15 paths positive vs > 50%
  saved local cache: regime_gated_momentum__AUD_USD.json
  supabase post_backtest[p3c-trend252]: ok

[forex] EUR/JPY: 3139 bars (2014-01-01 -> 2024-12-31)
  ledger n_trials=104 used for DSR deflation (grid contributes 12)
  VERDICT: REJECT
    [FAIL] DSR 0.000 vs > 0.95 (deflated by n_trials=104)
    [pass] PBO 0.46325 vs < 0.5 (n/a with <2 configs => gate fails closed)
    [FAIL] CPCV median OOS Sharpe -0.031 vs > 0; 0% of 15 paths positive vs > 50%
  saved local cache: regime_gated_momentum__EUR_JPY.json
  supabase post_backtest[p3c-trend252]: ok

[forex] GBP/JPY: 3141 bars (2014-01-01 -> 2024-12-31)
  ledger n_trials=104 used for DSR deflation (grid contributes 12)
  VERDICT: REJECT
    [FAIL] DSR 0.016 vs > 0.95 (deflated by n_trials=104)
    [pass] PBO 0.49 vs < 0.5 (n/a with <2 configs => gate fails closed)
    [FAIL] CPCV median OOS Sharpe -0.031 vs > 0; 0% of 15 paths positive vs > 50%
  saved local cache: regime_gated_momentum__GBP_JPY.json
  supabase post_backtest[p3c-trend252]: ok

========================================================================
DONE 'p3c-trend252': 0 PASS, 6 REJECT, 0 skipped/errored
ledger now holds n_trials=104 at /Users/zain/Documents/apexfx/engine/data_store/validation/trial_ledger.json
========================================================================
