========================================================================
CANDIDATE CHECK 'p3c-carry126' | mode=ITERATION | factory=carry_trend | timeframe=1d | grid=3 config(s)
window: 2014-01-01 -> <2025-01-01 (strict)
ledger: /Users/zain/Documents/apexfx/engine/data_store/validation/trial_ledger.json (n_trials=104 before this run)
========================================================================

[forex] EUR/USD: 3117 bars (2014-01-01 -> 2024-12-31)
  ledger n_trials=104 used for DSR deflation (grid contributes 3)
  VERDICT: REJECT
    [FAIL] DSR 0.416 vs > 0.95 (deflated by n_trials=104)
    [FAIL] PBO 0.987 vs < 0.5 (n/a with <2 configs => gate fails closed)
    [pass] CPCV median OOS Sharpe 0.024 vs > 0; 87% of 15 paths positive vs > 50%
  saved local cache: carry_trend_filter__EUR_USD.json
  supabase post_backtest[p3c-carry126]: ok

[forex] GBP/USD: 3118 bars (2014-01-01 -> 2024-12-31)
  ledger n_trials=104 used for DSR deflation (grid contributes 3)
  VERDICT: REJECT
    [FAIL] DSR 0.000 vs > 0.95 (deflated by n_trials=104)
    [FAIL] PBO 0.964 vs < 0.5 (n/a with <2 configs => gate fails closed)
    [FAIL] CPCV median OOS Sharpe -0.042 vs > 0; 20% of 15 paths positive vs > 50%
  saved local cache: carry_trend_filter__GBP_USD.json
  supabase post_backtest[p3c-carry126]: ok

[forex] USD/JPY: 3147 bars (2014-01-01 -> 2024-12-31)
  ledger n_trials=104 used for DSR deflation (grid contributes 3)
  VERDICT: REJECT
    [FAIL] DSR 0.020 vs > 0.95 (deflated by n_trials=104)
    [pass] PBO 0.49 vs < 0.5 (n/a with <2 configs => gate fails closed)
    [FAIL] CPCV median OOS Sharpe -0.031 vs > 0; 0% of 15 paths positive vs > 50%
  saved local cache: carry_trend_filter__USD_JPY.json
  supabase post_backtest[p3c-carry126]: ok

[forex] AUD/USD: 3137 bars (2014-01-01 -> 2024-12-31)
  ledger n_trials=104 used for DSR deflation (grid contributes 3)
  VERDICT: REJECT
    [FAIL] DSR 0.027 vs > 0.95 (deflated by n_trials=104)
    [FAIL] PBO 0.83425 vs < 0.5 (n/a with <2 configs => gate fails closed)
    [FAIL] CPCV median OOS Sharpe -0.034 vs > 0; 0% of 15 paths positive vs > 50%
  saved local cache: carry_trend_filter__AUD_USD.json
  supabase post_backtest[p3c-carry126]: ok

[forex] EUR/JPY: 3139 bars (2014-01-01 -> 2024-12-31)
  ledger n_trials=104 used for DSR deflation (grid contributes 3)
  VERDICT: REJECT
    [FAIL] DSR 0.019 vs > 0.95 (deflated by n_trials=104)
    [pass] PBO 0.473 vs < 0.5 (n/a with <2 configs => gate fails closed)
    [FAIL] CPCV median OOS Sharpe -0.031 vs > 0; 0% of 15 paths positive vs > 50%
  saved local cache: carry_trend_filter__EUR_JPY.json
  supabase post_backtest[p3c-carry126]: ok

[forex] GBP/JPY: 3141 bars (2014-01-01 -> 2024-12-31)
  ledger n_trials=104 used for DSR deflation (grid contributes 3)
  VERDICT: REJECT
    [FAIL] DSR 0.018 vs > 0.95 (deflated by n_trials=104)
    [pass] PBO 0.49 vs < 0.5 (n/a with <2 configs => gate fails closed)
    [FAIL] CPCV median OOS Sharpe -0.031 vs > 0; 0% of 15 paths positive vs > 50%
  saved local cache: carry_trend_filter__GBP_JPY.json
  supabase post_backtest[p3c-carry126]: ok

========================================================================
DONE 'p3c-carry126': 0 PASS, 6 REJECT, 0 skipped/errored
ledger now holds n_trials=104 at /Users/zain/Documents/apexfx/engine/data_store/validation/trial_ledger.json
========================================================================
