========================================================================
CANDIDATE CHECK 'p3c-primary63' | mode=ITERATION | factory=default | timeframe=1d | grid=3 config(s)
window: 2014-01-01 -> <2025-01-01 (strict)
ledger: /Users/zain/Documents/apexfx/engine/data_store/validation/trial_ledger.json (n_trials=104 before this run)
========================================================================

[forex] EUR/USD: 3117 bars (2014-01-01 -> 2024-12-31)
  ledger n_trials=104 used for DSR deflation (grid contributes 3)
  VERDICT: REJECT
    [FAIL] DSR 0.138 vs > 0.95 (deflated by n_trials=104)
    [FAIL] PBO 0.857 vs < 0.5 (n/a with <2 configs => gate fails closed)
    [pass] CPCV median OOS Sharpe 0.001 vs > 0; 60% of 15 paths positive vs > 50%
  saved local cache: regime_gated_momentum__EUR_USD.json
  supabase post_backtest[p3c-primary63]: ok

[forex] GBP/USD: 3118 bars (2014-01-01 -> 2024-12-31)
  ledger n_trials=104 used for DSR deflation (grid contributes 3)
  VERDICT: REJECT
    [FAIL] DSR 0.000 vs > 0.95 (deflated by n_trials=104)
    [FAIL] PBO 0.53625 vs < 0.5 (n/a with <2 configs => gate fails closed)
    [FAIL] CPCV median OOS Sharpe -0.040 vs > 0; 0% of 15 paths positive vs > 50%
  saved local cache: regime_gated_momentum__GBP_USD.json
  supabase post_backtest[p3c-primary63]: ok

========================================================================
DONE 'p3c-primary63': 0 PASS, 2 REJECT, 0 skipped/errored
ledger now holds n_trials=104 at /Users/zain/Documents/apexfx/engine/data_store/validation/trial_ledger.json
========================================================================
