/Users/zain/Documents/apexfx/engine/scratch/fetch_baseline_data.py:28: Pandas4Warning: Timestamp.utcnow is deprecated and will be removed in a future version. Use Timestamp.now('UTC') instead.
  NOW = pd.Timestamp.utcnow().tz_convert("UTC").floor("s")
fetch end (now): 2026-07-17 02:09:19+00:00
EUR/USD   15m: cache n=22200 last=2026-07-06 00:00:00+00:00  ->  n=1929 first=2026-06-25 00:00:00+00:00 last=2026-07-17 02:00:00+00:00
GBP/USD   15m: cache n=22199 last=2026-07-06 00:00:00+00:00  ->  n=1929 first=2026-06-25 00:00:00+00:00 last=2026-07-17 02:00:00+00:00
USD/JPY   15m: cache n=21912 last=2026-07-06 00:00:00+00:00  ->  n=1929 first=2026-06-25 00:00:00+00:00 last=2026-07-17 02:00:00+00:00
USD/CHF   15m: cache n=21912 last=2026-07-06 00:00:00+00:00  ->  n=1929 first=2026-06-25 00:00:00+00:00 last=2026-07-17 02:00:00+00:00
AUD/USD   15m: cache n=21912 last=2026-07-06 00:00:00+00:00  ->  n=1929 first=2026-06-25 00:00:00+00:00 last=2026-07-17 02:00:00+00:00
USD/CAD   15m: cache n=21912 last=2026-07-06 00:00:00+00:00  ->  n=1929 first=2026-06-25 00:00:00+00:00 last=2026-07-17 02:00:00+00:00
NZD/USD   15m: cache n=21912 last=2026-07-06 00:00:00+00:00  ->  n=1929 first=2026-06-25 00:00:00+00:00 last=2026-07-17 02:00:00+00:00
GBP/JPY   15m: cache n=21912 last=2026-07-06 00:00:00+00:00  ->  n=1929 first=2026-06-25 00:00:00+00:00 last=2026-07-17 02:00:00+00:00
EUR/GBP   15m: cache n=21912 last=2026-07-06 00:00:00+00:00  ->  n=1929 first=2026-06-25 00:00:00+00:00 last=2026-07-17 02:00:00+00:00
EUR/JPY   15m: cache n=21912 last=2026-07-06 00:00:00+00:00  ->  n=1928 first=2026-06-25 00:00:00+00:00 last=2026-07-17 02:00:00+00:00
GBP/NZD   15m: cache n=3450 last=2024-09-03 23:45:00+00:00  ->  n=3371 first=2025-05-25 21:00:00+00:00 last=2025-07-13 23:45:00+00:00
AUD/NZD   15m: cache n=3456 last=2024-09-03 23:45:00+00:00  ->  n=3372 first=2025-05-25 21:00:00+00:00 last=2025-07-13 23:45:00+00:00
EUR/AUD   15m: cache n=3456 last=2024-09-03 23:45:00+00:00  ->  n=3372 first=2025-05-25 21:00:00+00:00 last=2025-07-13 23:45:00+00:00
EUR/CAD   15m: cache n=3456 last=2024-09-03 23:45:00+00:00  ->  n=3372 first=2025-05-25 21:00:00+00:00 last=2025-07-13 23:45:00+00:00
CHF/JPY   15m: cache n=3439 last=2024-09-03 23:45:00+00:00  ->  n=3371 first=2025-05-25 21:00:00+00:00 last=2025-07-13 23:45:00+00:00
GBP/CAD   15m: cache n=3456 last=2024-09-03 23:45:00+00:00  ->  n=3372 first=2025-05-25 21:00:00+00:00 last=2025-07-13 23:45:00+00:00
GBP/CHF   15m: cache n=3450 last=2024-09-03 23:45:00+00:00  ->  n=3369 first=2025-05-25 21:00:00+00:00 last=2025-07-13 23:45:00+00:00
GBP/AUD   15m: cache n=3455 last=2024-09-03 23:45:00+00:00  ->  n=3372 first=2025-05-25 21:00:00+00:00 last=2025-07-13 23:45:00+00:00
EUR/CHF   15m: cache n=3455 last=2024-09-03 23:45:00+00:00  ->  n=3372 first=2025-05-25 21:00:00+00:00 last=2025-07-13 23:45:00+00:00
EUR/NZD   15m: cache n=3456 last=2024-09-03 23:45:00+00:00  ->  n=3372 first=2025-05-25 21:00:00+00:00 last=2025-07-13 23:45:00+00:00
NZD/JPY   15m: cache n=3456 last=2024-09-03 23:45:00+00:00  ->  n=3370 first=2025-05-25 21:00:00+00:00 last=2025-07-13 23:45:00+00:00
CAD/JPY   15m: cache n=3456 last=2024-09-03 23:45:00+00:00  ->  n=3372 first=2025-05-25 21:00:00+00:00 last=2025-07-13 23:45:00+00:00
EUR/USD   1h: cache n=27445 last=2026-07-06 00:00:00+00:00  ->  n=483 first=2026-06-25 00:00:00+00:00 last=2026-07-17 02:00:00+00:00
GBP/USD   1h: cache n=24177 last=2026-07-06 00:00:00+00:00  ->  n=483 first=2026-06-25 00:00:00+00:00 last=2026-07-17 02:00:00+00:00
USD/JPY   1h: cache n=24174 last=2026-07-06 00:00:00+00:00  ->  n=483 first=2026-06-25 00:00:00+00:00 last=2026-07-17 02:00:00+00:00
USD/CHF   1h: cache n=24174 last=2026-07-06 00:00:00+00:00  ->  n=483 first=2026-06-25 00:00:00+00:00 last=2026-07-17 02:00:00+00:00
AUD/USD   1h: cache n=24174 last=2026-07-06 00:00:00+00:00  ->  n=483 first=2026-06-25 00:00:00+00:00 last=2026-07-17 02:00:00+00:00
USD/CAD   1h: cache n=24174 last=2026-07-06 00:00:00+00:00  ->  n=483 first=2026-06-25 00:00:00+00:00 last=2026-07-17 02:00:00+00:00
NZD/USD   1h: cache n=24183 last=2026-07-06 00:00:00+00:00  ->  n=483 first=2026-06-25 00:00:00+00:00 last=2026-07-17 02:00:00+00:00
GBP/JPY   1h: cache n=24174 last=2026-07-06 00:00:00+00:00  ->  n=483 first=2026-06-25 00:00:00+00:00 last=2026-07-17 02:00:00+00:00
EUR/GBP   1h: cache n=24174 last=2026-07-06 00:00:00+00:00  ->  n=483 first=2026-06-25 00:00:00+00:00 last=2026-07-17 02:00:00+00:00
EUR/JPY   1h: cache n=24174 last=2026-07-06 00:00:00+00:00  ->  n=483 first=2026-06-25 00:00:00+00:00 last=2026-07-17 02:00:00+00:00
GBP/NZD   1h: cache n=6788 last=2025-01-24 21:00:00+00:00  ->  n=3407 first=2025-05-01 00:00:00+00:00 last=2025-11-16 23:00:00+00:00
AUD/NZD   1h: cache n=6790 last=2025-01-24 21:00:00+00:00  ->  n=3407 first=2025-05-01 00:00:00+00:00 last=2025-11-16 23:00:00+00:00
EUR/AUD   1h: cache n=6790 last=2025-01-24 21:00:00+00:00  ->  n=3407 first=2025-05-01 00:00:00+00:00 last=2025-11-16 23:00:00+00:00
EUR/CAD   1h: cache n=6790 last=2025-01-24 21:00:00+00:00  ->  n=3407 first=2025-05-01 00:00:00+00:00 last=2025-11-16 23:00:00+00:00
CHF/JPY   1h: cache n=6789 last=2025-01-24 21:00:00+00:00  ->  n=3407 first=2025-05-01 00:00:00+00:00 last=2025-11-16 23:00:00+00:00
GBP/CAD   1h: cache n=6790 last=2025-01-24 21:00:00+00:00  ->  n=3407 first=2025-05-01 00:00:00+00:00 last=2025-11-16 23:00:00+00:00
GBP/CHF   1h: cache n=6790 last=2025-01-24 21:00:00+00:00  ->  n=3407 first=2025-05-01 00:00:00+00:00 last=2025-11-16 23:00:00+00:00
GBP/AUD   1h: cache n=6790 last=2025-01-24 21:00:00+00:00  ->  n=3407 first=2025-05-01 00:00:00+00:00 last=2025-11-16 23:00:00+00:00
EUR/CHF   1h: cache n=6790 last=2025-01-24 21:00:00+00:00  ->  n=3407 first=2025-05-01 00:00:00+00:00 last=2025-11-16 23:00:00+00:00
EUR/NZD   1h: cache n=6789 last=2025-01-24 21:00:00+00:00  ->  n=3407 first=2025-05-01 00:00:00+00:00 last=2025-11-16 23:00:00+00:00
NZD/JPY   1h: cache n=6789 last=2025-01-24 21:00:00+00:00  ->  n=3407 first=2025-05-01 00:00:00+00:00 last=2025-11-16 23:00:00+00:00
CAD/JPY   1h: cache n=6790 last=2025-01-24 21:00:00+00:00  ->  n=3407 first=2025-05-01 00:00:00+00:00 last=2025-11-16 23:00:00+00:00
EUR/USD   1d: cache n=4505 last=2026-07-13 21:00:00+00:00  ->  n=70 first=2026-06-01 00:00:00+00:00 last=2026-07-16 21:00:00+00:00
GBP/USD   1d: cache n=4516 last=2026-07-13 21:00:00+00:00  ->  n=70 first=2026-06-01 00:00:00+00:00 last=2026-07-16 21:00:00+00:00
USD/JPY   1d: cache n=4543 last=2026-07-13 21:00:00+00:00  ->  n=70 first=2026-06-01 00:00:00+00:00 last=2026-07-16 21:00:00+00:00
USD/CHF   1d: cache n=4544 last=2026-07-13 21:00:00+00:00  ->  n=70 first=2026-06-01 00:00:00+00:00 last=2026-07-16 21:00:00+00:00
AUD/USD   1d: cache n=4554 last=2026-07-13 21:00:00+00:00  ->  n=70 first=2026-06-01 00:00:00+00:00 last=2026-07-16 21:00:00+00:00
USD/CAD   1d: cache n=4565 last=2026-07-13 21:00:00+00:00  ->  n=70 first=2026-06-01 00:00:00+00:00 last=2026-07-16 21:00:00+00:00
NZD/USD   1d: cache n=4564 last=2026-07-13 21:00:00+00:00  ->  n=70 first=2026-06-01 00:00:00+00:00 last=2026-07-16 21:00:00+00:00
GBP/JPY   1d: cache n=4558 last=2026-07-13 21:00:00+00:00  ->  n=70 first=2026-06-01 00:00:00+00:00 last=2026-07-16 21:00:00+00:00
EUR/GBP   1d: cache n=4557 last=2026-07-13 21:00:00+00:00  ->  n=70 first=2026-06-01 00:00:00+00:00 last=2026-07-16 21:00:00+00:00
EUR/JPY   1d: cache n=4556 last=2026-07-13 21:00:00+00:00  ->  n=70 first=2026-06-01 00:00:00+00:00 last=2026-07-16 21:00:00+00:00
GBP/NZD   1d: cache n=2736 last=2026-07-13 21:00:00+00:00  ->  n=34 first=2026-06-01 21:00:00+00:00 last=2026-07-16 21:00:00+00:00
AUD/NZD   1d: cache n=2732 last=2026-07-13 21:00:00+00:00  ->  n=34 first=2026-06-01 21:00:00+00:00 last=2026-07-16 21:00:00+00:00
EUR/AUD   1d: cache n=2731 last=2026-07-13 21:00:00+00:00  ->  n=34 first=2026-06-01 21:00:00+00:00 last=2026-07-16 21:00:00+00:00
EUR/CAD   1d: cache n=2733 last=2026-07-13 21:00:00+00:00  ->  n=34 first=2026-06-01 21:00:00+00:00 last=2026-07-16 21:00:00+00:00
CHF/JPY   1d: cache n=2732 last=2026-07-13 21:00:00+00:00  ->  n=34 first=2026-06-01 21:00:00+00:00 last=2026-07-16 21:00:00+00:00
GBP/CAD   1d: cache n=2733 last=2026-07-13 21:00:00+00:00  ->  n=34 first=2026-06-01 21:00:00+00:00 last=2026-07-16 21:00:00+00:00
GBP/CHF   1d: cache n=2733 last=2026-07-13 21:00:00+00:00  ->  n=34 first=2026-06-01 21:00:00+00:00 last=2026-07-16 21:00:00+00:00
GBP/AUD   1d: cache n=2730 last=2026-07-13 21:00:00+00:00  ->  n=34 first=2026-06-01 21:00:00+00:00 last=2026-07-16 21:00:00+00:00
EUR/CHF   1d: cache n=2733 last=2026-07-13 21:00:00+00:00  ->  n=34 first=2026-06-01 21:00:00+00:00 last=2026-07-16 21:00:00+00:00
EUR/NZD   1d: cache n=2736 last=2026-07-13 21:00:00+00:00  ->  n=34 first=2026-06-01 21:00:00+00:00 last=2026-07-16 21:00:00+00:00
NZD/JPY   1d: cache n=2741 last=2026-07-13 21:00:00+00:00  ->  n=34 first=2026-06-01 21:00:00+00:00 last=2026-07-16 21:00:00+00:00
CAD/JPY   1d: cache n=2730 last=2026-07-13 21:00:00+00:00  ->  n=34 first=2026-06-01 21:00:00+00:00 last=2026-07-16 21:00:00+00:00
EUR/USD   1w: cache n=0 last=EMPTY  ->  n=654 first=2014-01-03 22:00:00+00:00 last=2026-07-10 21:00:00+00:00
GBP/USD   1w: cache n=0 last=EMPTY  ->  n=654 first=2014-01-03 22:00:00+00:00 last=2026-07-10 21:00:00+00:00
USD/JPY   1w: cache n=0 last=EMPTY  ->  n=654 first=2014-01-03 22:00:00+00:00 last=2026-07-10 21:00:00+00:00
USD/CHF   1w: cache n=0 last=EMPTY  ->  n=654 first=2014-01-03 22:00:00+00:00 last=2026-07-10 21:00:00+00:00
AUD/USD   1w: cache n=0 last=EMPTY  ->  n=654 first=2014-01-03 22:00:00+00:00 last=2026-07-10 21:00:00+00:00
USD/CAD   1w: cache n=0 last=EMPTY  ->  n=654 first=2014-01-03 22:00:00+00:00 last=2026-07-10 21:00:00+00:00
NZD/USD   1w: cache n=0 last=EMPTY  ->  n=654 first=2014-01-03 22:00:00+00:00 last=2026-07-10 21:00:00+00:00
GBP/JPY   1w: cache n=0 last=EMPTY  ->  n=654 first=2014-01-03 22:00:00+00:00 last=2026-07-10 21:00:00+00:00
EUR/GBP   1w: cache n=0 last=EMPTY  ->  n=654 first=2014-01-03 22:00:00+00:00 last=2026-07-10 21:00:00+00:00
EUR/JPY   1w: cache n=0 last=EMPTY  ->  n=654 first=2014-01-03 22:00:00+00:00 last=2026-07-10 21:00:00+00:00
GBP/NZD   1w: cache n=0 last=EMPTY  ->  n=654 first=2014-01-03 22:00:00+00:00 last=2026-07-10 21:00:00+00:00
AUD/NZD   1w: cache n=0 last=EMPTY  ->  n=654 first=2014-01-03 22:00:00+00:00 last=2026-07-10 21:00:00+00:00
EUR/AUD   1w: cache n=0 last=EMPTY  ->  n=654 first=2014-01-03 22:00:00+00:00 last=2026-07-10 21:00:00+00:00
EUR/CAD   1w: cache n=0 last=EMPTY  ->  n=654 first=2014-01-03 22:00:00+00:00 last=2026-07-10 21:00:00+00:00
CHF/JPY   1w: cache n=0 last=EMPTY  ->  n=654 first=2014-01-03 22:00:00+00:00 last=2026-07-10 21:00:00+00:00
GBP/CAD   1w: cache n=0 last=EMPTY  ->  n=654 first=2014-01-03 22:00:00+00:00 last=2026-07-10 21:00:00+00:00
GBP/CHF   1w: cache n=0 last=EMPTY  ->  n=654 first=2014-01-03 22:00:00+00:00 last=2026-07-10 21:00:00+00:00
GBP/AUD   1w: cache n=0 last=EMPTY  ->  n=654 first=2014-01-03 22:00:00+00:00 last=2026-07-10 21:00:00+00:00
EUR/CHF   1w: cache n=0 last=EMPTY  ->  n=654 first=2014-01-03 22:00:00+00:00 last=2026-07-10 21:00:00+00:00
EUR/NZD   1w: cache n=0 last=EMPTY  ->  n=654 first=2014-01-03 22:00:00+00:00 last=2026-07-10 21:00:00+00:00
NZD/JPY   1w: cache n=0 last=EMPTY  ->  n=654 first=2014-01-03 22:00:00+00:00 last=2026-07-10 21:00:00+00:00
CAD/JPY   1w: cache n=0 last=EMPTY  ->  n=654 first=2014-01-03 22:00:00+00:00 last=2026-07-10 21:00:00+00:00
DONE
